#! /usr/bin/vvp
:ivl_version "10.2 (stable)";
:ivl_delay_selection "TYPICAL";
:vpi_time_precision + 0;
:vpi_module "system";
:vpi_module "vhdl_sys";
:vpi_module "v2005_math";
:vpi_module "va_math";
S_0x55f667884650 .scope module, "switch_mcu_decoder" "switch_mcu_decoder" 2 1;
 .timescale 0 0;
    .port_info 0 /INPUT 1 "in_clk"
    .port_info 1 /INPUT 1 "in_rst"
    .port_info 2 /INPUT 32 "in_inst"
    .port_info 3 /INPUT 4 "in_cycle_cnt"
    .port_info 4 /OUTPUT 1 "out_lui"
    .port_info 5 /OUTPUT 1 "out_auipc"
    .port_info 6 /OUTPUT 1 "out_jal"
    .port_info 7 /OUTPUT 1 "out_jalr"
    .port_info 8 /OUTPUT 1 "out_beq"
    .port_info 9 /OUTPUT 1 "out_bne"
    .port_info 10 /OUTPUT 1 "out_blt"
    .port_info 11 /OUTPUT 1 "out_bge"
    .port_info 12 /OUTPUT 1 "out_bltu"
    .port_info 13 /OUTPUT 1 "out_bgeu"
    .port_info 14 /OUTPUT 1 "out_lb"
    .port_info 15 /OUTPUT 1 "out_lh"
    .port_info 16 /OUTPUT 1 "out_lw"
    .port_info 17 /OUTPUT 1 "out_lbu"
    .port_info 18 /OUTPUT 1 "out_lhu"
    .port_info 19 /OUTPUT 1 "out_sb"
    .port_info 20 /OUTPUT 1 "out_sh"
    .port_info 21 /OUTPUT 1 "out_sw"
    .port_info 22 /OUTPUT 1 "out_addi"
    .port_info 23 /OUTPUT 1 "out_slti"
    .port_info 24 /OUTPUT 1 "out_sltiu"
    .port_info 25 /OUTPUT 1 "out_xori"
    .port_info 26 /OUTPUT 1 "out_ori"
    .port_info 27 /OUTPUT 1 "out_andi"
    .port_info 28 /OUTPUT 1 "out_slli"
    .port_info 29 /OUTPUT 1 "out_srli"
    .port_info 30 /OUTPUT 1 "out_srai"
    .port_info 31 /OUTPUT 1 "out_add"
    .port_info 32 /OUTPUT 1 "out_sub"
    .port_info 33 /OUTPUT 1 "out_sll"
    .port_info 34 /OUTPUT 1 "out_slt"
    .port_info 35 /OUTPUT 1 "out_sltu"
    .port_info 36 /OUTPUT 1 "out_xor"
    .port_info 37 /OUTPUT 1 "out_srl"
    .port_info 38 /OUTPUT 1 "out_sra"
    .port_info 39 /OUTPUT 1 "out_or"
    .port_info 40 /OUTPUT 1 "out_and"
    .port_info 41 /OUTPUT 1 "out_fence"
    .port_info 42 /OUTPUT 1 "out_fence_i"
    .port_info 43 /OUTPUT 1 "out_ecall"
    .port_info 44 /OUTPUT 1 "out_ebreak"
    .port_info 45 /OUTPUT 1 "out_csrrw"
    .port_info 46 /OUTPUT 1 "out_csrrs"
    .port_info 47 /OUTPUT 1 "out_csrrc"
    .port_info 48 /OUTPUT 1 "out_csrrwi"
    .port_info 49 /OUTPUT 1 "out_csrrsi"
    .port_info 50 /OUTPUT 1 "out_csrrci"
    .port_info 51 /OUTPUT 5 "out_rs2"
    .port_info 52 /OUTPUT 5 "out_rs1"
    .port_info 53 /OUTPUT 5 "out_rd"
    .port_info 54 /OUTPUT 12 "out_imm_type_i"
    .port_info 55 /OUTPUT 12 "out_imm_type_s"
    .port_info 56 /OUTPUT 12 "out_imm_type_b"
    .port_info 57 /OUTPUT 20 "out_imm_type_u"
    .port_info 58 /OUTPUT 19 "out_imm_type_j"
L_0x55f6678d0640 .functor BUFZ 1, L_0x55f6678e4700, C4<0>, C4<0>, C4<0>;
L_0x55f6678e5db0 .functor BUFZ 1, L_0x55f6678e4b10, C4<0>, C4<0>, C4<0>;
L_0x55f6678e5e70 .functor BUFZ 1, L_0x55f6678e4f30, C4<0>, C4<0>, C4<0>;
L_0x55f6678e5f30 .functor AND 1, L_0x55f6678e1cd0, L_0x55f6678e3950, C4<1>, C4<1>;
L_0x55f6678e6070 .functor AND 1, L_0x55f6678e1cd0, L_0x55f6678e3950, C4<1>, C4<1>;
L_0x55f6678e60e0 .functor AND 1, L_0x55f6678e2020, L_0x55f6678e3950, C4<1>, C4<1>;
L_0x55f6678e61e0 .functor AND 1, L_0x55f6678e2380, L_0x55f6678e3950, C4<1>, C4<1>;
L_0x55f6678e6250 .functor AND 1, L_0x55f6678e26f0, L_0x55f6678e3950, C4<1>, C4<1>;
L_0x55f6678e6360 .functor AND 1, L_0x55f6678e2b80, L_0x55f6678e3950, C4<1>, C4<1>;
L_0x55f6678e6420 .functor AND 1, L_0x55f6678e3540, L_0x55f6678e3950, C4<1>, C4<1>;
L_0x55f6678e6540 .functor AND 1, L_0x55f6678e1cd0, L_0x55f6678e3cf0, C4<1>, C4<1>;
L_0x55f6678e65b0 .functor AND 1, L_0x55f6678e2020, L_0x55f6678e3cf0, C4<1>, C4<1>;
L_0x55f6678e6690 .functor AND 1, L_0x55f6678e2380, L_0x55f6678e3cf0, C4<1>, C4<1>;
L_0x55f6678e6700 .functor AND 1, L_0x55f6678e2b80, L_0x55f6678e3cf0, C4<1>, C4<1>;
L_0x55f6678e6620 .functor AND 1, L_0x55f6678e2a60, L_0x55f6678e3cf0, C4<1>, C4<1>;
L_0x55f6678e6820 .functor AND 1, L_0x55f6678e1cd0, L_0x55f6678e4080, C4<1>, C4<1>;
L_0x55f6678e6920 .functor AND 1, L_0x55f6678e2020, L_0x55f6678e4080, C4<1>, C4<1>;
L_0x55f6678e6a20 .functor AND 1, L_0x55f6678e2380, L_0x55f6678e4080, C4<1>, C4<1>;
L_0x55f6678e6c80 .functor AND 1, L_0x55f6678e1cd0, L_0x55f6678e3f50, C4<1>, C4<1>;
L_0x55f6678e6d20 .functor AND 1, L_0x55f6678e2380, L_0x55f6678e3f50, C4<1>, C4<1>;
L_0x55f6678e6e40 .functor AND 1, L_0x55f6678e26f0, L_0x55f6678e3f50, C4<1>, C4<1>;
L_0x55f6678e6ee0 .functor AND 1, L_0x55f6678e2b80, L_0x55f6678e3f50, C4<1>, C4<1>;
L_0x55f6678e70d0 .functor AND 1, L_0x55f6678e3190, L_0x55f6678e3f50, C4<1>, C4<1>;
L_0x55f6678e7170 .functor AND 1, L_0x55f6678e3540, L_0x55f6678e3f50, C4<1>, C4<1>;
L_0x55f6678e72b0 .functor AND 1, L_0x55f6678e2020, L_0x55f6678e5bf0, C4<1>, C4<1>;
L_0x55f6678e7350 .functor AND 1, L_0x55f6678e2380, L_0x55f6678e5bf0, C4<1>, C4<1>;
L_0x55f6678e74a0 .functor AND 1, L_0x55f6678e26f0, L_0x55f6678e5bf0, C4<1>, C4<1>;
L_0x55f6678e7660 .functor AND 1, L_0x55f6678e2a60, L_0x55f6678e5bf0, C4<1>, C4<1>;
L_0x55f6678e77f0 .functor AND 1, L_0x55f6678e3190, L_0x55f6678e5bf0, C4<1>, C4<1>;
L_0x55f6678e7890 .functor AND 1, L_0x55f6678e3540, L_0x55f6678e5bf0, C4<1>, C4<1>;
L_0x55f6678e7ac0 .functor AND 1, L_0x55f6678e1680, L_0x55f6678e2020, C4<1>, C4<1>;
L_0x55f6678e7b60 .functor AND 1, L_0x55f6678e7ac0, L_0x55f6678e3f50, C4<1>, C4<1>;
L_0x55f6678e7df0 .functor AND 1, L_0x55f6678e1680, L_0x55f6678e2a60, C4<1>, C4<1>;
L_0x55f6678e7e60 .functor AND 1, L_0x55f6678e7df0, L_0x55f6678e3f50, C4<1>, C4<1>;
L_0x55f6678e8020 .functor AND 1, L_0x55f6678e1980, L_0x55f6678e2a60, C4<1>, C4<1>;
L_0x55f6678e8090 .functor AND 1, L_0x55f6678e8020, L_0x55f6678e3f50, C4<1>, C4<1>;
L_0x55f6678e7f00 .functor AND 1, L_0x55f6678e1680, L_0x55f6678e1cd0, C4<1>, C4<1>;
L_0x55f6678e8230 .functor AND 1, L_0x55f6678e7f00, L_0x55f6678e5360, C4<1>, C4<1>;
L_0x55f6678e8410 .functor AND 1, L_0x55f6678e1980, L_0x55f6678e1cd0, C4<1>, C4<1>;
L_0x55f6678e8480 .functor AND 1, L_0x55f6678e8410, L_0x55f6678e5360, C4<1>, C4<1>;
L_0x55f6678e8690 .functor AND 1, L_0x55f6678e1680, L_0x55f6678e2020, C4<1>, C4<1>;
L_0x55f6678e8700 .functor AND 1, L_0x55f6678e8690, L_0x55f6678e5360, C4<1>, C4<1>;
L_0x55f6678e8950 .functor AND 1, L_0x55f6678e1680, L_0x55f6678e2380, C4<1>, C4<1>;
L_0x55f6678e89c0 .functor AND 1, L_0x55f6678e8950, L_0x55f6678e5360, C4<1>, C4<1>;
L_0x55f6678e8bd0 .functor AND 1, L_0x55f6678e1680, L_0x55f6678e26f0, C4<1>, C4<1>;
L_0x55f6678e8c40 .functor AND 1, L_0x55f6678e8bd0, L_0x55f6678e5360, C4<1>, C4<1>;
L_0x55f6678e8eb0 .functor AND 1, L_0x55f6678e1680, L_0x55f6678e2b80, C4<1>, C4<1>;
L_0x55f6678e9030 .functor AND 1, L_0x55f6678e8eb0, L_0x55f6678e5360, C4<1>, C4<1>;
L_0x55f6678e8d30 .functor AND 1, L_0x55f6678e1680, L_0x55f6678e2a60, C4<1>, C4<1>;
L_0x55f6678e8da0 .functor AND 1, L_0x55f6678e8d30, L_0x55f6678e5360, C4<1>, C4<1>;
L_0x55f6678e9560 .functor AND 1, L_0x55f6678e1980, L_0x55f6678e2a60, C4<1>, C4<1>;
L_0x55f6678e95d0 .functor AND 1, L_0x55f6678e9560, L_0x55f6678e5360, C4<1>, C4<1>;
L_0x55f6678e9820 .functor AND 1, L_0x55f6678e1680, L_0x55f6678e3190, C4<1>, C4<1>;
L_0x55f6678e9890 .functor AND 1, L_0x55f6678e9820, L_0x55f6678e5360, C4<1>, C4<1>;
L_0x55f6678e9af0 .functor AND 1, L_0x55f6678e1680, L_0x55f6678e3540, C4<1>, C4<1>;
L_0x55f6678e9b60 .functor AND 1, L_0x55f6678e9af0, L_0x55f6678e5360, C4<1>, C4<1>;
L_0x55f6678e9e20 .functor AND 1, L_0x55f6678e0de0, L_0x55f6678e1100, C4<1>, C4<1>;
L_0x55f6678e9f30 .functor AND 1, L_0x55f6678e9e20, L_0x55f6678e1cd0, C4<1>, C4<1>;
L_0x55f6678ea1d0 .functor AND 1, L_0x55f6678e9f30, L_0x55f6678e1010, C4<1>, C4<1>;
L_0x55f6678ea2e0 .functor AND 1, L_0x55f6678ea1d0, L_0x55f6678e57a0, C4<1>, C4<1>;
L_0x55f6678ea5e0 .functor AND 1, L_0x55f6678e0740, L_0x55f6678e1100, C4<1>, C4<1>;
L_0x55f6678ea6a0 .functor AND 1, L_0x55f6678ea5e0, L_0x55f6678e2020, C4<1>, C4<1>;
L_0x55f6678eaa70 .functor AND 1, L_0x55f6678ea6a0, L_0x55f6678e1010, C4<1>, C4<1>;
L_0x55f6678eab30 .functor AND 1, L_0x55f6678eaa70, L_0x55f6678e57a0, C4<1>, C4<1>;
L_0x55f6678eae00 .functor AND 1, L_0x55f6678e0740, L_0x55f6678e1100, C4<1>, C4<1>;
L_0x55f6678eae70 .functor AND 1, L_0x55f6678eae00, L_0x55f6678e1cd0, C4<1>, C4<1>;
L_0x55f6678eb100 .functor AND 1, L_0x55f6678eae70, L_0x55f6678e1010, C4<1>, C4<1>;
L_0x55f6678eb250 .functor AND 1, L_0x55f6678eb100, L_0x55f6678e5bf0, C4<1>, C4<1>;
L_0x55f6678eb600 .functor AND 1, L_0x55f6678e0a50, L_0x55f6678e1100, C4<1>, C4<1>;
L_0x55f6678eb6c0 .functor AND 1, L_0x55f6678eb600, L_0x55f6678e1cd0, C4<1>, C4<1>;
L_0x55f6678eb9c0 .functor AND 1, L_0x55f6678eb6c0, L_0x55f6678e1010, C4<1>, C4<1>;
L_0x55f6678eba80 .functor AND 1, L_0x55f6678eb9c0, L_0x55f6678e5bf0, C4<1>, C4<1>;
v0x55f667879c70_0 .net *"_s1", 15 0, L_0x55f6678cfc50;  1 drivers
v0x55f6678c38a0_0 .net *"_s102", 31 0, L_0x55f6678e24f0;  1 drivers
L_0x7f75c9efb5b8 .functor BUFT 1, C4<00000000000000000000000000000>, C4<0>, C4<0>, C4<0>;
v0x55f6678c3980_0 .net *"_s105", 28 0, L_0x7f75c9efb5b8;  1 drivers
L_0x7f75c9efb600 .functor BUFT 1, C4<00000000000000000000000000000011>, C4<0>, C4<0>, C4<0>;
v0x55f6678c3a40_0 .net/2u *"_s106", 31 0, L_0x7f75c9efb600;  1 drivers
v0x55f6678c3b20_0 .net *"_s11", 4 0, L_0x55f6678d0040;  1 drivers
v0x55f6678c3c50_0 .net *"_s110", 31 0, L_0x55f6678e2860;  1 drivers
L_0x7f75c9efb648 .functor BUFT 1, C4<00000000000000000000000000000>, C4<0>, C4<0>, C4<0>;
v0x55f6678c3d30_0 .net *"_s113", 28 0, L_0x7f75c9efb648;  1 drivers
L_0x7f75c9efb690 .functor BUFT 1, C4<00000000000000000000000000000100>, C4<0>, C4<0>, C4<0>;
v0x55f6678c3e10_0 .net/2u *"_s114", 31 0, L_0x7f75c9efb690;  1 drivers
v0x55f6678c3ef0_0 .net *"_s118", 31 0, L_0x55f6678e2cf0;  1 drivers
L_0x7f75c9efb6d8 .functor BUFT 1, C4<00000000000000000000000000000>, C4<0>, C4<0>, C4<0>;
v0x55f6678c3fd0_0 .net *"_s121", 28 0, L_0x7f75c9efb6d8;  1 drivers
L_0x7f75c9efb720 .functor BUFT 1, C4<00000000000000000000000000000101>, C4<0>, C4<0>, C4<0>;
v0x55f6678c40b0_0 .net/2u *"_s122", 31 0, L_0x7f75c9efb720;  1 drivers
v0x55f6678c4190_0 .net *"_s126", 31 0, L_0x55f6678e2f60;  1 drivers
L_0x7f75c9efb768 .functor BUFT 1, C4<00000000000000000000000000000>, C4<0>, C4<0>, C4<0>;
v0x55f6678c4270_0 .net *"_s129", 28 0, L_0x7f75c9efb768;  1 drivers
L_0x7f75c9efb7b0 .functor BUFT 1, C4<00000000000000000000000000000110>, C4<0>, C4<0>, C4<0>;
v0x55f6678c4350_0 .net/2u *"_s130", 31 0, L_0x7f75c9efb7b0;  1 drivers
v0x55f6678c4430_0 .net *"_s134", 31 0, L_0x55f6678e3300;  1 drivers
L_0x7f75c9efb7f8 .functor BUFT 1, C4<00000000000000000000000000000>, C4<0>, C4<0>, C4<0>;
v0x55f6678c4510_0 .net *"_s137", 28 0, L_0x7f75c9efb7f8;  1 drivers
L_0x7f75c9efb840 .functor BUFT 1, C4<00000000000000000000000000000111>, C4<0>, C4<0>, C4<0>;
v0x55f6678c45f0_0 .net/2u *"_s138", 31 0, L_0x7f75c9efb840;  1 drivers
v0x55f6678c47e0_0 .net *"_s142", 31 0, L_0x55f6678e36b0;  1 drivers
L_0x7f75c9efb888 .functor BUFT 1, C4<0000000000000000000000000>, C4<0>, C4<0>, C4<0>;
v0x55f6678c48c0_0 .net *"_s145", 24 0, L_0x7f75c9efb888;  1 drivers
L_0x7f75c9efb8d0 .functor BUFT 1, C4<00000000000000000000000001100111>, C4<0>, C4<0>, C4<0>;
v0x55f6678c49a0_0 .net/2u *"_s146", 31 0, L_0x7f75c9efb8d0;  1 drivers
v0x55f6678c4a80_0 .net *"_s15", 6 0, L_0x55f6678d01c0;  1 drivers
v0x55f6678c4b60_0 .net *"_s150", 31 0, L_0x55f6678e3a90;  1 drivers
L_0x7f75c9efb918 .functor BUFT 1, C4<0000000000000000000000000>, C4<0>, C4<0>, C4<0>;
v0x55f6678c4c40_0 .net *"_s153", 24 0, L_0x7f75c9efb918;  1 drivers
L_0x7f75c9efb960 .functor BUFT 1, C4<00000000000000000000000000000011>, C4<0>, C4<0>, C4<0>;
v0x55f6678c4d20_0 .net/2u *"_s154", 31 0, L_0x7f75c9efb960;  1 drivers
v0x55f6678c4e00_0 .net *"_s158", 31 0, L_0x55f6678e3e60;  1 drivers
L_0x7f75c9efb9a8 .functor BUFT 1, C4<0000000000000000000000000>, C4<0>, C4<0>, C4<0>;
v0x55f6678c4ee0_0 .net *"_s161", 24 0, L_0x7f75c9efb9a8;  1 drivers
L_0x7f75c9efb9f0 .functor BUFT 1, C4<00000000000000000000000000100011>, C4<0>, C4<0>, C4<0>;
v0x55f6678c4fc0_0 .net/2u *"_s162", 31 0, L_0x7f75c9efb9f0;  1 drivers
v0x55f6678c50a0_0 .net *"_s166", 31 0, L_0x55f6678e41f0;  1 drivers
L_0x7f75c9efba38 .functor BUFT 1, C4<0000000000000000000000000>, C4<0>, C4<0>, C4<0>;
v0x55f6678c5180_0 .net *"_s169", 24 0, L_0x7f75c9efba38;  1 drivers
L_0x7f75c9efba80 .functor BUFT 1, C4<00000000000000000000000000010011>, C4<0>, C4<0>, C4<0>;
v0x55f6678c5260_0 .net/2u *"_s170", 31 0, L_0x7f75c9efba80;  1 drivers
v0x55f6678c5340_0 .net *"_s174", 31 0, L_0x55f6678e4470;  1 drivers
L_0x7f75c9efbac8 .functor BUFT 1, C4<0000000000000000000000000>, C4<0>, C4<0>, C4<0>;
v0x55f6678c5420_0 .net *"_s177", 24 0, L_0x7f75c9efbac8;  1 drivers
L_0x7f75c9efbb10 .functor BUFT 1, C4<00000000000000000000000000110111>, C4<0>, C4<0>, C4<0>;
v0x55f6678c5500_0 .net/2u *"_s178", 31 0, L_0x7f75c9efbb10;  1 drivers
v0x55f6678c57f0_0 .net *"_s182", 31 0, L_0x55f6678e4870;  1 drivers
L_0x7f75c9efbb58 .functor BUFT 1, C4<0000000000000000000000000>, C4<0>, C4<0>, C4<0>;
v0x55f6678c58d0_0 .net *"_s185", 24 0, L_0x7f75c9efbb58;  1 drivers
L_0x7f75c9efbba0 .functor BUFT 1, C4<00000000000000000000000000010111>, C4<0>, C4<0>, C4<0>;
v0x55f6678c59b0_0 .net/2u *"_s186", 31 0, L_0x7f75c9efbba0;  1 drivers
v0x55f6678c5a90_0 .net *"_s190", 31 0, L_0x55f6678e4c80;  1 drivers
L_0x7f75c9efbbe8 .functor BUFT 1, C4<0000000000000000000000000>, C4<0>, C4<0>, C4<0>;
v0x55f6678c5b70_0 .net *"_s193", 24 0, L_0x7f75c9efbbe8;  1 drivers
L_0x7f75c9efbc30 .functor BUFT 1, C4<00000000000000000000000001101111>, C4<0>, C4<0>, C4<0>;
v0x55f6678c5c50_0 .net/2u *"_s194", 31 0, L_0x7f75c9efbc30;  1 drivers
v0x55f6678c5d30_0 .net *"_s198", 31 0, L_0x55f6678e50a0;  1 drivers
L_0x7f75c9efbc78 .functor BUFT 1, C4<0000000000000000000000000>, C4<0>, C4<0>, C4<0>;
v0x55f6678c5e10_0 .net *"_s201", 24 0, L_0x7f75c9efbc78;  1 drivers
L_0x7f75c9efbcc0 .functor BUFT 1, C4<00000000000000000000000000110011>, C4<0>, C4<0>, C4<0>;
v0x55f6678c5ef0_0 .net/2u *"_s202", 31 0, L_0x7f75c9efbcc0;  1 drivers
v0x55f6678c5fd0_0 .net *"_s206", 31 0, L_0x55f6678e54d0;  1 drivers
L_0x7f75c9efbd08 .functor BUFT 1, C4<0000000000000000000000000>, C4<0>, C4<0>, C4<0>;
v0x55f6678c60b0_0 .net *"_s209", 24 0, L_0x7f75c9efbd08;  1 drivers
L_0x7f75c9efbd50 .functor BUFT 1, C4<00000000000000000000000000001111>, C4<0>, C4<0>, C4<0>;
v0x55f6678c6190_0 .net/2u *"_s210", 31 0, L_0x7f75c9efbd50;  1 drivers
v0x55f6678c6270_0 .net *"_s214", 31 0, L_0x55f6678e5910;  1 drivers
L_0x7f75c9efbd98 .functor BUFT 1, C4<0000000000000000000000000>, C4<0>, C4<0>, C4<0>;
v0x55f6678c6350_0 .net *"_s217", 24 0, L_0x7f75c9efbd98;  1 drivers
L_0x7f75c9efbde0 .functor BUFT 1, C4<00000000000000000000000001110011>, C4<0>, C4<0>, C4<0>;
v0x55f6678c6430_0 .net/2u *"_s218", 31 0, L_0x7f75c9efbde0;  1 drivers
v0x55f6678c6510_0 .net *"_s22", 31 0, L_0x55f6678d0570;  1 drivers
L_0x7f75c9efb018 .functor BUFT 1, C4<0000000000000000000000000000>, C4<0>, C4<0>, C4<0>;
v0x55f6678c65f0_0 .net *"_s25", 27 0, L_0x7f75c9efb018;  1 drivers
L_0x7f75c9efb060 .functor BUFT 1, C4<00000000000000000000000000000000>, C4<0>, C4<0>, C4<0>;
v0x55f6678c66d0_0 .net/2u *"_s26", 31 0, L_0x7f75c9efb060;  1 drivers
v0x55f6678c67b0_0 .net *"_s282", 0 0, L_0x55f6678e7ac0;  1 drivers
v0x55f6678c6890_0 .net *"_s286", 0 0, L_0x55f6678e7df0;  1 drivers
v0x55f6678c6970_0 .net *"_s290", 0 0, L_0x55f6678e8020;  1 drivers
v0x55f6678c6a50_0 .net *"_s294", 0 0, L_0x55f6678e7f00;  1 drivers
v0x55f6678c6b30_0 .net *"_s298", 0 0, L_0x55f6678e8410;  1 drivers
v0x55f6678c6c10_0 .net *"_s30", 31 0, L_0x55f6678e08b0;  1 drivers
v0x55f6678c6cf0_0 .net *"_s302", 0 0, L_0x55f6678e8690;  1 drivers
v0x55f6678c6dd0_0 .net *"_s306", 0 0, L_0x55f6678e8950;  1 drivers
v0x55f6678c6eb0_0 .net *"_s310", 0 0, L_0x55f6678e8bd0;  1 drivers
v0x55f6678c6f90_0 .net *"_s314", 0 0, L_0x55f6678e8eb0;  1 drivers
v0x55f6678c7070_0 .net *"_s318", 0 0, L_0x55f6678e8d30;  1 drivers
v0x55f6678c7150_0 .net *"_s322", 0 0, L_0x55f6678e9560;  1 drivers
v0x55f6678c7230_0 .net *"_s326", 0 0, L_0x55f6678e9820;  1 drivers
L_0x7f75c9efb0a8 .functor BUFT 1, C4<0000000000000000000000000000>, C4<0>, C4<0>, C4<0>;
v0x55f6678c7310_0 .net *"_s33", 27 0, L_0x7f75c9efb0a8;  1 drivers
v0x55f6678c7800_0 .net *"_s330", 0 0, L_0x55f6678e9af0;  1 drivers
v0x55f6678c78e0_0 .net *"_s334", 0 0, L_0x55f6678e9e20;  1 drivers
v0x55f6678c79c0_0 .net *"_s336", 0 0, L_0x55f6678e9f30;  1 drivers
v0x55f6678c7aa0_0 .net *"_s338", 0 0, L_0x55f6678ea1d0;  1 drivers
L_0x7f75c9efb0f0 .functor BUFT 1, C4<00000000000000000000000000000001>, C4<0>, C4<0>, C4<0>;
v0x55f6678c7b80_0 .net/2u *"_s34", 31 0, L_0x7f75c9efb0f0;  1 drivers
v0x55f6678c7c60_0 .net *"_s342", 0 0, L_0x55f6678ea5e0;  1 drivers
v0x55f6678c7d40_0 .net *"_s344", 0 0, L_0x55f6678ea6a0;  1 drivers
v0x55f6678c7e20_0 .net *"_s346", 0 0, L_0x55f6678eaa70;  1 drivers
v0x55f6678c7f00_0 .net *"_s350", 0 0, L_0x55f6678eae00;  1 drivers
v0x55f6678c7fe0_0 .net *"_s352", 0 0, L_0x55f6678eae70;  1 drivers
v0x55f6678c80c0_0 .net *"_s354", 0 0, L_0x55f6678eb100;  1 drivers
v0x55f6678c81a0_0 .net *"_s358", 0 0, L_0x55f6678eb600;  1 drivers
v0x55f6678c8280_0 .net *"_s360", 0 0, L_0x55f6678eb6c0;  1 drivers
v0x55f6678c8360_0 .net *"_s362", 0 0, L_0x55f6678eb9c0;  1 drivers
v0x55f6678c8440_0 .net *"_s375", 6 0, L_0x55f6678ec4c0;  1 drivers
v0x55f6678c8520_0 .net *"_s377", 4 0, L_0x55f6678ec7b0;  1 drivers
v0x55f6678c8600_0 .net *"_s38", 31 0, L_0x55f6678e0bc0;  1 drivers
v0x55f6678c86e0_0 .net *"_s381", 0 0, L_0x55f6678ecc20;  1 drivers
v0x55f6678c87c0_0 .net *"_s383", 0 0, L_0x55f6678eccc0;  1 drivers
v0x55f6678c88a0_0 .net *"_s385", 5 0, L_0x55f6678ecfa0;  1 drivers
v0x55f6678c8980_0 .net *"_s387", 3 0, L_0x55f6678ed070;  1 drivers
v0x55f6678c8a60_0 .net *"_s393", 0 0, L_0x55f6678ed8d0;  1 drivers
v0x55f6678c8b40_0 .net *"_s395", 7 0, L_0x55f6678ed970;  1 drivers
v0x55f6678c8c20_0 .net *"_s397", 0 0, L_0x55f6678edc80;  1 drivers
v0x55f6678c8d00_0 .net *"_s399", 10 0, L_0x55f6678edd20;  1 drivers
v0x55f6678c8de0_0 .net *"_s400", 20 0, L_0x55f6678ee070;  1 drivers
L_0x7f75c9efb138 .functor BUFT 1, C4<0000000000000000000000000000>, C4<0>, C4<0>, C4<0>;
v0x55f6678c8ec0_0 .net *"_s41", 27 0, L_0x7f75c9efb138;  1 drivers
L_0x7f75c9efb180 .functor BUFT 1, C4<00000000000000000000000000000000>, C4<0>, C4<0>, C4<0>;
v0x55f6678c8fa0_0 .net/2u *"_s42", 31 0, L_0x7f75c9efb180;  1 drivers
v0x55f6678c9080_0 .net *"_s46", 31 0, L_0x55f6678e0f20;  1 drivers
L_0x7f75c9efb1c8 .functor BUFT 1, C4<0000000000000000000000000000>, C4<0>, C4<0>, C4<0>;
v0x55f6678c9160_0 .net *"_s49", 27 0, L_0x7f75c9efb1c8;  1 drivers
L_0x7f75c9efb210 .functor BUFT 1, C4<00000000000000000000000000000000>, C4<0>, C4<0>, C4<0>;
v0x55f6678c9240_0 .net/2u *"_s50", 31 0, L_0x7f75c9efb210;  1 drivers
v0x55f6678c9320_0 .net *"_s54", 31 0, L_0x55f6678e1240;  1 drivers
L_0x7f75c9efb258 .functor BUFT 1, C4<0000000000000000000000000000>, C4<0>, C4<0>, C4<0>;
v0x55f6678c9400_0 .net *"_s57", 27 0, L_0x7f75c9efb258;  1 drivers
L_0x7f75c9efb2a0 .functor BUFT 1, C4<00000000000000000000000000000000>, C4<0>, C4<0>, C4<0>;
v0x55f6678c94e0_0 .net/2u *"_s58", 31 0, L_0x7f75c9efb2a0;  1 drivers
v0x55f6678c95c0_0 .net *"_s62", 31 0, L_0x55f6678e1480;  1 drivers
L_0x7f75c9efb2e8 .functor BUFT 1, C4<00000000000000000000000000000>, C4<0>, C4<0>, C4<0>;
v0x55f6678c96a0_0 .net *"_s65", 28 0, L_0x7f75c9efb2e8;  1 drivers
L_0x7f75c9efb330 .functor BUFT 1, C4<00000000000000000000000000000000>, C4<0>, C4<0>, C4<0>;
v0x55f6678c9780_0 .net/2u *"_s66", 31 0, L_0x7f75c9efb330;  1 drivers
v0x55f6678c9860_0 .net *"_s7", 4 0, L_0x55f6678cfe80;  1 drivers
v0x55f6678c9940_0 .net *"_s70", 31 0, L_0x55f6678e17c0;  1 drivers
L_0x7f75c9efb378 .functor BUFT 1, C4<00000000000000000000000000000>, C4<0>, C4<0>, C4<0>;
v0x55f6678c9a20_0 .net *"_s73", 28 0, L_0x7f75c9efb378;  1 drivers
L_0x7f75c9efb3c0 .functor BUFT 1, C4<00000000000000000000000000100000>, C4<0>, C4<0>, C4<0>;
v0x55f6678c9b00_0 .net/2u *"_s74", 31 0, L_0x7f75c9efb3c0;  1 drivers
v0x55f6678c9be0_0 .net *"_s78", 31 0, L_0x55f6678e1ac0;  1 drivers
L_0x7f75c9efb408 .functor BUFT 1, C4<00000000000000000000000000000>, C4<0>, C4<0>, C4<0>;
v0x55f6678c9cc0_0 .net *"_s81", 28 0, L_0x7f75c9efb408;  1 drivers
L_0x7f75c9efb450 .functor BUFT 1, C4<00000000000000000000000000000000>, C4<0>, C4<0>, C4<0>;
v0x55f6678c9da0_0 .net/2u *"_s82", 31 0, L_0x7f75c9efb450;  1 drivers
v0x55f6678c9e80_0 .net *"_s86", 31 0, L_0x55f6678e1e40;  1 drivers
L_0x7f75c9efb498 .functor BUFT 1, C4<00000000000000000000000000000>, C4<0>, C4<0>, C4<0>;
v0x55f6678c9f60_0 .net *"_s89", 28 0, L_0x7f75c9efb498;  1 drivers
L_0x7f75c9efb4e0 .functor BUFT 1, C4<00000000000000000000000000000001>, C4<0>, C4<0>, C4<0>;
v0x55f6678ca040_0 .net/2u *"_s90", 31 0, L_0x7f75c9efb4e0;  1 drivers
v0x55f6678ca120_0 .net *"_s94", 31 0, L_0x55f6678e2190;  1 drivers
L_0x7f75c9efb528 .functor BUFT 1, C4<00000000000000000000000000000>, C4<0>, C4<0>, C4<0>;
v0x55f6678ca200_0 .net *"_s97", 28 0, L_0x7f75c9efb528;  1 drivers
L_0x7f75c9efb570 .functor BUFT 1, C4<00000000000000000000000000000010>, C4<0>, C4<0>, C4<0>;
v0x55f6678ca2e0_0 .net/2u *"_s98", 31 0, L_0x7f75c9efb570;  1 drivers
o0x7f75c9f455a8 .functor BUFZ 1, C4<z>; HiZ drive
v0x55f6678ca3c0_0 .net "in_clk", 0 0, o0x7f75c9f455a8;  0 drivers
o0x7f75c9f455d8 .functor BUFZ 4, C4<zzzz>; HiZ drive
v0x55f6678ca480_0 .net "in_cycle_cnt", 3 0, o0x7f75c9f455d8;  0 drivers
o0x7f75c9f45608 .functor BUFZ 32, C4<zzzzzzzzzzzzzzzzzzzzzzzzzzzzzzzz>; HiZ drive
v0x55f6678ca560_0 .net "in_inst", 31 0, o0x7f75c9f45608;  0 drivers
o0x7f75c9f45638 .functor BUFZ 1, C4<z>; HiZ drive
v0x55f6678ca640_0 .net "in_rst", 0 0, o0x7f75c9f45638;  0 drivers
v0x55f6678ca700_0 .var "inst", 31 0;
v0x55f6678ca7e0_0 .net "inst_11_7", 3 0, L_0x55f6678d0120;  1 drivers
v0x55f6678ca8c0_0 .net "inst_11_7_equal_00000", 0 0, L_0x55f6678e1010;  1 drivers
v0x55f6678ca980_0 .net "inst_14_12", 2 0, L_0x55f6678d03a0;  1 drivers
v0x55f6678caa60_0 .net "inst_14_12_equal_000", 0 0, L_0x55f6678e1cd0;  1 drivers
v0x55f6678cab20_0 .net "inst_14_12_equal_001", 0 0, L_0x55f6678e2020;  1 drivers
v0x55f6678cabe0_0 .net "inst_14_12_equal_010", 0 0, L_0x55f6678e2380;  1 drivers
v0x55f6678caca0_0 .net "inst_14_12_equal_011", 0 0, L_0x55f6678e26f0;  1 drivers
v0x55f6678cad60_0 .net "inst_14_12_equal_100", 0 0, L_0x55f6678e2b80;  1 drivers
v0x55f6678cae20_0 .net "inst_14_12_equal_101", 0 0, L_0x55f6678e2a60;  1 drivers
v0x55f6678cb6f0_0 .net "inst_14_12_equal_110", 0 0, L_0x55f6678e3190;  1 drivers
v0x55f6678cb7b0_0 .net "inst_14_12_equal_111", 0 0, L_0x55f6678e3540;  1 drivers
v0x55f6678cb870_0 .net "inst_19_15", 3 0, L_0x55f6678cff50;  1 drivers
v0x55f6678cb950_0 .net "inst_19_15_equal_00000", 0 0, L_0x55f6678e1100;  1 drivers
v0x55f6678cba10_0 .net "inst_31_16", 3 0, L_0x55f6678cfcf0;  1 drivers
v0x55f6678cbaf0_0 .net "inst_31_16_equal_000000000000", 0 0, L_0x55f6678e0740;  1 drivers
v0x55f6678cbbb0_0 .net "inst_31_16_equal_000000000001", 0 0, L_0x55f6678e0a50;  1 drivers
v0x55f6678cbc70_0 .net "inst_31_25", 2 0, L_0x55f6678d02b0;  1 drivers
v0x55f6678cbd50_0 .net "inst_31_25_equal_0000000", 0 0, L_0x55f6678e1680;  1 drivers
v0x55f6678cbe10_0 .net "inst_31_25_equal_0100000", 0 0, L_0x55f6678e1980;  1 drivers
v0x55f6678cbed0_0 .net "inst_31_28", 3 0, L_0x55f6678cfd90;  1 drivers
v0x55f6678cbfb0_0 .net "inst_31_28_equal_0000", 0 0, L_0x55f6678e0de0;  1 drivers
v0x55f6678cc070_0 .net "inst_6_0", 6 0, L_0x55f6678d04a0;  1 drivers
v0x55f6678cc150_0 .net "inst_6_0_equal_0000011", 0 0, L_0x55f6678e3cf0;  1 drivers
v0x55f6678cc210_0 .net "inst_6_0_equal_0001111", 0 0, L_0x55f6678e57a0;  1 drivers
v0x55f6678cc2d0_0 .net "inst_6_0_equal_0010011", 0 0, L_0x55f6678e3f50;  1 drivers
v0x55f6678cc390_0 .net "inst_6_0_equal_0010111", 0 0, L_0x55f6678e4b10;  1 drivers
v0x55f6678cc450_0 .net "inst_6_0_equal_0100011", 0 0, L_0x55f6678e4080;  1 drivers
v0x55f6678cc510_0 .net "inst_6_0_equal_0110011", 0 0, L_0x55f6678e5360;  1 drivers
v0x55f6678cc5d0_0 .net "inst_6_0_equal_0110111", 0 0, L_0x55f6678e4700;  1 drivers
v0x55f6678cc690_0 .net "inst_6_0_equal_1100111", 0 0, L_0x55f6678e3950;  1 drivers
v0x55f6678cc750_0 .net "inst_6_0_equal_1101111", 0 0, L_0x55f6678e4f30;  1 drivers
v0x55f6678cc810_0 .net "inst_6_0_equal_1110011", 0 0, L_0x55f6678e5bf0;  1 drivers
v0x55f6678cc8d0_0 .net "out_add", 0 0, L_0x55f6678e8230;  1 drivers
v0x55f6678cc990_0 .net "out_addi", 0 0, L_0x55f6678e6c80;  1 drivers
v0x55f6678cca50_0 .net "out_and", 0 0, L_0x55f6678e9b60;  1 drivers
v0x55f6678ccb10_0 .net "out_andi", 0 0, L_0x55f6678e7170;  1 drivers
v0x55f6678ccbd0_0 .net "out_auipc", 0 0, L_0x55f6678e5db0;  1 drivers
v0x55f6678ccc90_0 .net "out_beq", 0 0, L_0x55f6678e6070;  1 drivers
v0x55f6678ccd50_0 .net "out_bge", 0 0, L_0x55f6678e6250;  1 drivers
v0x55f6678cce10_0 .net "out_bgeu", 0 0, L_0x55f6678e6420;  1 drivers
v0x55f6678cced0_0 .net "out_blt", 0 0, L_0x55f6678e61e0;  1 drivers
v0x55f6678ccf90_0 .net "out_bltu", 0 0, L_0x55f6678e6360;  1 drivers
v0x55f6678cd050_0 .net "out_bne", 0 0, L_0x55f6678e60e0;  1 drivers
v0x55f6678cd110_0 .net "out_csrrc", 0 0, L_0x55f6678e74a0;  1 drivers
v0x55f6678cd1d0_0 .net "out_csrrci", 0 0, L_0x55f6678e7890;  1 drivers
v0x55f6678cd290_0 .net "out_csrrs", 0 0, L_0x55f6678e7350;  1 drivers
v0x55f6678cd350_0 .net "out_csrrsi", 0 0, L_0x55f6678e77f0;  1 drivers
v0x55f6678cd410_0 .net "out_csrrw", 0 0, L_0x55f6678e72b0;  1 drivers
v0x55f6678cd4d0_0 .net "out_csrrwi", 0 0, L_0x55f6678e7660;  1 drivers
v0x55f6678cd590_0 .net "out_ebreak", 0 0, L_0x55f6678eba80;  1 drivers
v0x55f6678cd650_0 .net "out_ecall", 0 0, L_0x55f6678eb250;  1 drivers
v0x55f6678cd710_0 .net "out_fence", 0 0, L_0x55f6678ea2e0;  1 drivers
v0x55f6678cd7d0_0 .net "out_fence_i", 0 0, L_0x55f6678eab30;  1 drivers
v0x55f6678cd890_0 .net "out_imm_type_b", 11 0, L_0x55f6678ed390;  1 drivers
v0x55f6678cd970_0 .net "out_imm_type_i", 11 0, L_0x55f6678ec3f0;  1 drivers
v0x55f6678cda50_0 .net "out_imm_type_j", 18 0, L_0x55f6678ee2b0;  1 drivers
v0x55f6678cdb30_0 .net "out_imm_type_s", 11 0, L_0x55f6678ec880;  1 drivers
v0x55f6678cdc10_0 .net "out_imm_type_u", 19 0, L_0x55f6678ed5d0;  1 drivers
v0x55f6678cdcf0_0 .net "out_jal", 0 0, L_0x55f6678e5e70;  1 drivers
v0x55f6678cddb0_0 .net "out_jalr", 0 0, L_0x55f6678e5f30;  1 drivers
v0x55f6678cde70_0 .net "out_lb", 0 0, L_0x55f6678e6540;  1 drivers
v0x55f6678cdf30_0 .net "out_lbu", 0 0, L_0x55f6678e6700;  1 drivers
v0x55f6678cdff0_0 .net "out_lh", 0 0, L_0x55f6678e65b0;  1 drivers
v0x55f6678ce0b0_0 .net "out_lhu", 0 0, L_0x55f6678e6620;  1 drivers
v0x55f6678ce170_0 .net "out_lui", 0 0, L_0x55f6678d0640;  1 drivers
v0x55f6678ce230_0 .net "out_lw", 0 0, L_0x55f6678e6690;  1 drivers
v0x55f6678ce2f0_0 .net "out_or", 0 0, L_0x55f6678e9890;  1 drivers
v0x55f6678ce3b0_0 .net "out_ori", 0 0, L_0x55f6678e70d0;  1 drivers
v0x55f6678ce470_0 .net "out_rd", 4 0, L_0x55f6678ec140;  1 drivers
v0x55f6678ce550_0 .net "out_rs1", 4 0, L_0x55f6678ec0a0;  1 drivers
v0x55f6678ce630_0 .net "out_rs2", 4 0, L_0x55f6678e6be0;  1 drivers
v0x55f6678ce710_0 .net "out_sb", 0 0, L_0x55f6678e6820;  1 drivers
v0x55f6678ce7d0_0 .net "out_sh", 0 0, L_0x55f6678e6920;  1 drivers
v0x55f6678ce890_0 .net "out_sll", 0 0, L_0x55f6678e8700;  1 drivers
v0x55f6678ce950_0 .net "out_slli", 0 0, L_0x55f6678e7b60;  1 drivers
v0x55f6678cea10_0 .net "out_slt", 0 0, L_0x55f6678e89c0;  1 drivers
v0x55f6678cead0_0 .net "out_slti", 0 0, L_0x55f6678e6d20;  1 drivers
v0x55f6678ceb90_0 .net "out_sltiu", 0 0, L_0x55f6678e6e40;  1 drivers
v0x55f6678cec50_0 .net "out_sltu", 0 0, L_0x55f6678e8c40;  1 drivers
v0x55f6678ced10_0 .net "out_sra", 0 0, L_0x55f6678e95d0;  1 drivers
v0x55f6678cedd0_0 .net "out_srai", 0 0, L_0x55f6678e8090;  1 drivers
v0x55f6678cee90_0 .net "out_srl", 0 0, L_0x55f6678e8da0;  1 drivers
v0x55f6678cef50_0 .net "out_srli", 0 0, L_0x55f6678e7e60;  1 drivers
v0x55f6678cf010_0 .net "out_sub", 0 0, L_0x55f6678e8480;  1 drivers
v0x55f6678cf0d0_0 .net "out_sw", 0 0, L_0x55f6678e6a20;  1 drivers
v0x55f6678cf190_0 .net "out_xor", 0 0, L_0x55f6678e9030;  1 drivers
v0x55f6678cf250_0 .net "out_xori", 0 0, L_0x55f6678e6ee0;  1 drivers
E_0x55f667854130/0 .event negedge, v0x55f6678ca640_0;
E_0x55f667854130/1 .event posedge, v0x55f6678ca3c0_0;
E_0x55f667854130 .event/or E_0x55f667854130/0, E_0x55f667854130/1;
L_0x55f6678cfc50 .part v0x55f6678ca700_0, 16, 16;
L_0x55f6678cfcf0 .part L_0x55f6678cfc50, 0, 4;
L_0x55f6678cfd90 .part v0x55f6678ca700_0, 28, 4;
L_0x55f6678cfe80 .part v0x55f6678ca700_0, 15, 5;
L_0x55f6678cff50 .part L_0x55f6678cfe80, 0, 4;
L_0x55f6678d0040 .part v0x55f6678ca700_0, 7, 5;
L_0x55f6678d0120 .part L_0x55f6678d0040, 0, 4;
L_0x55f6678d01c0 .part v0x55f6678ca700_0, 25, 7;
L_0x55f6678d02b0 .part L_0x55f6678d01c0, 0, 3;
L_0x55f6678d03a0 .part v0x55f6678ca700_0, 12, 3;
L_0x55f6678d04a0 .part v0x55f6678ca700_0, 0, 7;
L_0x55f6678d0570 .concat [ 4 28 0 0], L_0x55f6678cfcf0, L_0x7f75c9efb018;
L_0x55f6678e0740 .cmp/eq 32, L_0x55f6678d0570, L_0x7f75c9efb060;
L_0x55f6678e08b0 .concat [ 4 28 0 0], L_0x55f6678cfcf0, L_0x7f75c9efb0a8;
L_0x55f6678e0a50 .cmp/eq 32, L_0x55f6678e08b0, L_0x7f75c9efb0f0;
L_0x55f6678e0bc0 .concat [ 4 28 0 0], L_0x55f6678cfd90, L_0x7f75c9efb138;
L_0x55f6678e0de0 .cmp/eq 32, L_0x55f6678e0bc0, L_0x7f75c9efb180;
L_0x55f6678e0f20 .concat [ 4 28 0 0], L_0x55f6678cff50, L_0x7f75c9efb1c8;
L_0x55f6678e1100 .cmp/eq 32, L_0x55f6678e0f20, L_0x7f75c9efb210;
L_0x55f6678e1240 .concat [ 4 28 0 0], L_0x55f6678d0120, L_0x7f75c9efb258;
L_0x55f6678e1010 .cmp/eq 32, L_0x55f6678e1240, L_0x7f75c9efb2a0;
L_0x55f6678e1480 .concat [ 3 29 0 0], L_0x55f6678d03a0, L_0x7f75c9efb2e8;
L_0x55f6678e1680 .cmp/eq 32, L_0x55f6678e1480, L_0x7f75c9efb330;
L_0x55f6678e17c0 .concat [ 3 29 0 0], L_0x55f6678d03a0, L_0x7f75c9efb378;
L_0x55f6678e1980 .cmp/eq 32, L_0x55f6678e17c0, L_0x7f75c9efb3c0;
L_0x55f6678e1ac0 .concat [ 3 29 0 0], L_0x55f6678d03a0, L_0x7f75c9efb408;
L_0x55f6678e1cd0 .cmp/eq 32, L_0x55f6678e1ac0, L_0x7f75c9efb450;
L_0x55f6678e1e40 .concat [ 3 29 0 0], L_0x55f6678d03a0, L_0x7f75c9efb498;
L_0x55f6678e2020 .cmp/eq 32, L_0x55f6678e1e40, L_0x7f75c9efb4e0;
L_0x55f6678e2190 .concat [ 3 29 0 0], L_0x55f6678d03a0, L_0x7f75c9efb528;
L_0x55f6678e2380 .cmp/eq 32, L_0x55f6678e2190, L_0x7f75c9efb570;
L_0x55f6678e24f0 .concat [ 3 29 0 0], L_0x55f6678d03a0, L_0x7f75c9efb5b8;
L_0x55f6678e26f0 .cmp/eq 32, L_0x55f6678e24f0, L_0x7f75c9efb600;
L_0x55f6678e2860 .concat [ 3 29 0 0], L_0x55f6678d03a0, L_0x7f75c9efb648;
L_0x55f6678e2b80 .cmp/eq 32, L_0x55f6678e2860, L_0x7f75c9efb690;
L_0x55f6678e2cf0 .concat [ 3 29 0 0], L_0x55f6678d03a0, L_0x7f75c9efb6d8;
L_0x55f6678e2a60 .cmp/eq 32, L_0x55f6678e2cf0, L_0x7f75c9efb720;
L_0x55f6678e2f60 .concat [ 3 29 0 0], L_0x55f6678d03a0, L_0x7f75c9efb768;
L_0x55f6678e3190 .cmp/eq 32, L_0x55f6678e2f60, L_0x7f75c9efb7b0;
L_0x55f6678e3300 .concat [ 3 29 0 0], L_0x55f6678d03a0, L_0x7f75c9efb7f8;
L_0x55f6678e3540 .cmp/eq 32, L_0x55f6678e3300, L_0x7f75c9efb840;
L_0x55f6678e36b0 .concat [ 7 25 0 0], L_0x55f6678d04a0, L_0x7f75c9efb888;
L_0x55f6678e3950 .cmp/eq 32, L_0x55f6678e36b0, L_0x7f75c9efb8d0;
L_0x55f6678e3a90 .concat [ 7 25 0 0], L_0x55f6678d04a0, L_0x7f75c9efb918;
L_0x55f6678e3cf0 .cmp/eq 32, L_0x55f6678e3a90, L_0x7f75c9efb960;
L_0x55f6678e3e60 .concat [ 7 25 0 0], L_0x55f6678d04a0, L_0x7f75c9efb9a8;
L_0x55f6678e4080 .cmp/eq 32, L_0x55f6678e3e60, L_0x7f75c9efb9f0;
L_0x55f6678e41f0 .concat [ 7 25 0 0], L_0x55f6678d04a0, L_0x7f75c9efba38;
L_0x55f6678e3f50 .cmp/eq 32, L_0x55f6678e41f0, L_0x7f75c9efba80;
L_0x55f6678e4470 .concat [ 7 25 0 0], L_0x55f6678d04a0, L_0x7f75c9efbac8;
L_0x55f6678e4700 .cmp/eq 32, L_0x55f6678e4470, L_0x7f75c9efbb10;
L_0x55f6678e4870 .concat [ 7 25 0 0], L_0x55f6678d04a0, L_0x7f75c9efbb58;
L_0x55f6678e4b10 .cmp/eq 32, L_0x55f6678e4870, L_0x7f75c9efbba0;
L_0x55f6678e4c80 .concat [ 7 25 0 0], L_0x55f6678d04a0, L_0x7f75c9efbbe8;
L_0x55f6678e4f30 .cmp/eq 32, L_0x55f6678e4c80, L_0x7f75c9efbc30;
L_0x55f6678e50a0 .concat [ 7 25 0 0], L_0x55f6678d04a0, L_0x7f75c9efbc78;
L_0x55f6678e5360 .cmp/eq 32, L_0x55f6678e50a0, L_0x7f75c9efbcc0;
L_0x55f6678e54d0 .concat [ 7 25 0 0], L_0x55f6678d04a0, L_0x7f75c9efbd08;
L_0x55f6678e57a0 .cmp/eq 32, L_0x55f6678e54d0, L_0x7f75c9efbd50;
L_0x55f6678e5910 .concat [ 7 25 0 0], L_0x55f6678d04a0, L_0x7f75c9efbd98;
L_0x55f6678e5bf0 .cmp/eq 32, L_0x55f6678e5910, L_0x7f75c9efbde0;
L_0x55f6678e6be0 .part v0x55f6678ca700_0, 20, 5;
L_0x55f6678ec0a0 .part v0x55f6678ca700_0, 15, 5;
L_0x55f6678ec140 .part v0x55f6678ca700_0, 7, 5;
L_0x55f6678ec3f0 .part v0x55f6678ca700_0, 20, 12;
L_0x55f6678ec4c0 .part v0x55f6678ca700_0, 25, 7;
L_0x55f6678ec7b0 .part v0x55f6678ca700_0, 7, 5;
L_0x55f6678ec880 .concat [ 5 7 0 0], L_0x55f6678ec7b0, L_0x55f6678ec4c0;
L_0x55f6678ecc20 .part v0x55f6678ca700_0, 31, 1;
L_0x55f6678eccc0 .part v0x55f6678ca700_0, 7, 1;
L_0x55f6678ecfa0 .part v0x55f6678ca700_0, 25, 6;
L_0x55f6678ed070 .part v0x55f6678ca700_0, 8, 4;
L_0x55f6678ed390 .concat [ 4 6 1 1], L_0x55f6678ed070, L_0x55f6678ecfa0, L_0x55f6678eccc0, L_0x55f6678ecc20;
L_0x55f6678ed5d0 .part v0x55f6678ca700_0, 12, 20;
L_0x55f6678ed8d0 .part v0x55f6678ca700_0, 31, 1;
L_0x55f6678ed970 .part v0x55f6678ca700_0, 12, 8;
L_0x55f6678edc80 .part v0x55f6678ca700_0, 20, 1;
L_0x55f6678edd20 .part v0x55f6678ca700_0, 20, 11;
L_0x55f6678ee070 .concat [ 11 1 8 1], L_0x55f6678edd20, L_0x55f6678edc80, L_0x55f6678ed970, L_0x55f6678ed8d0;
L_0x55f6678ee2b0 .part L_0x55f6678ee070, 0, 19;
    .scope S_0x55f667884650;
T_0 ;
    %wait E_0x55f667854130;
    %load/vec4 v0x55f6678ca640_0;
    %nor/r;
    %flag_set/vec4 8;
    %jmp/0xz  T_0.0, 8;
    %pushi/vec4 0, 0, 32;
    %assign/vec4 v0x55f6678ca700_0, 0;
    %jmp T_0.1;
T_0.0 ;
    %load/vec4 v0x55f6678ca480_0;
    %pad/u 32;
    %cmpi/e 0, 0, 32;
    %jmp/0xz  T_0.2, 4;
    %load/vec4 v0x55f6678ca560_0;
    %assign/vec4 v0x55f6678ca700_0, 0;
    %jmp T_0.3;
T_0.2 ;
    %load/vec4 v0x55f6678ca700_0;
    %assign/vec4 v0x55f6678ca700_0, 0;
T_0.3 ;
T_0.1 ;
    %jmp T_0;
    .thread T_0;
# The file index is used to find the file name in the following table.
:file_names 3;
    "N/A";
    "<interactive>";
    "/home/nand/Documents/onWorking/SW_MCU/rtl/switch_core/decoder/switch_mcu_decoder.v";
